<?xml version="1.0" encoding="UTF-8"?>
<!-- Generated by org.testng.reporters.JUnitReportReporter -->
<testsuite hostname="DESKTOP-JDS586J" failures="0" tests="1" name="Cucumber.Automation.AppTest" time="0.012" errors="0" timestamp="2021-06-04T22:21:26 IST" skipped="0">
  <testcase classname="Cucumber.Automation.AppTest" name="shouldAnswerWithTrue" time="0.012"/>
  <system-out/>
</testsuite> <!-- Cucumber.Automation.AppTest -->
