<?xml version="1.0" encoding="UTF-8"?>
<!-- Generated by org.testng.reporters.JUnitReportReporter -->
<testsuite hostname="DESKTOP-JDS586J" failures="0" tests="1" name="cucumberOptions.TestNGTestRunner" time="16.154" errors="0" timestamp="2021-05-31T22:05:53 IST" skipped="0">
  <testcase classname="cucumberOptions.TestNGTestRunner" name="runScenario" time="16.154"/>
  <system-out/>
</testsuite> <!-- cucumberOptions.TestNGTestRunner -->
